1648743476866:update 1 1.0004
1648743500933:exit
1648743534270:update 1 5
1648743555955:exit
1648746486437:update 1 0
1648889768355:update 1 0.4326
1648889817368:update 1 0.5436
1648889889572:update 1 0.4364
1648889896403:update 1 0.42356
1648889914450:update 4 0.4367
1648890017720:update 1 0.43
1648890024390:update 1 0.4365
1648890279647:update 1 1.43
1648890576227:update 1.43
1648890582626:update 1 1.43
1648890591185:update 1 0434.343
1648890604129:update 1 124.3
1648894027634:update 1 3.34
1648894084119:update 1 3.45
1648894091493:update 2 0.5646
